<?xml version="1.0" encoding="UTF-8" standalone="yes"?>
<ns2:test-suite start="1476169781601" stop="1476169928864" version="1.4.16" xmlns:ns2="urn:model.allure.qatools.yandex.ru">
    <name>Default Suite : MailTutBy</name>
    <title>Default Suite : MailTutBy</title>
    <test-cases>
        <test-case start="1476169795510" stop="1476169853420" status="broken">
            <name>sendLetters[kirillshishko1@tut.by,qwerty1ASDF,kirillshishko2@tut.by,qwerty2ASDF,f646ecafa4b02ef7ad860d_tueoct11100941msk2016]</name>
            <failure>
                <message>NoSuchElementException: Unable to locate element: {"method":"css selector","selector":".b-stamp__logo__image"}
Command duration or timeout: 12.81 seconds
For documentation on this error, please visit: http://seleniumhq.org/exceptions/no_such_element.html
Build info: version: '2.53.1', revision: 'a36b8b1cd5757287168e54b817830adce9b0158d', time: '2016-06-30 19:26:09'
System info: host: 'asus', ip: '192.168.0.104', os.name: 'Windows 8.1', os.arch: 'amd64', os.version: '6.3', java.version: '1.8.0_45'
Driver info: org.openqa.selenium.firefox.FirefoxDriver
Capabilities [{applicationCacheEnabled=true, rotatable=false, handlesAlerts=true, databaseEnabled=true, version=47.0.1, platform=WINDOWS, nativeEvents=false, acceptSslCerts=true, webStorageEnabled=true, locationContextEnabled=true, browserName=firefox, takesScreenshot=true, javascriptEnabled=true, cssSelectorsEnabled=true}]
Session ID: 5e842f68-43c2-4e8c-88fe-2e0d646d3290
*** Element info: {Using=css selector, value=.b-stamp__logo__image}</message>
                <stack-trace>org.openqa.selenium.NoSuchElementException: Unable to locate element: {"method":"css selector","selector":".b-stamp__logo__image"}
Command duration or timeout: 12.81 seconds
For documentation on this error, please visit: http://seleniumhq.org/exceptions/no_such_element.html
Build info: version: '2.53.1', revision: 'a36b8b1cd5757287168e54b817830adce9b0158d', time: '2016-06-30 19:26:09'
System info: host: 'asus', ip: '192.168.0.104', os.name: 'Windows 8.1', os.arch: 'amd64', os.version: '6.3', java.version: '1.8.0_45'
Driver info: org.openqa.selenium.firefox.FirefoxDriver
Capabilities [{applicationCacheEnabled=true, rotatable=false, handlesAlerts=true, databaseEnabled=true, version=47.0.1, platform=WINDOWS, nativeEvents=false, acceptSslCerts=true, webStorageEnabled=true, locationContextEnabled=true, browserName=firefox, takesScreenshot=true, javascriptEnabled=true, cssSelectorsEnabled=true}]
Session ID: 5e842f68-43c2-4e8c-88fe-2e0d646d3290
*** Element info: {Using=css selector, value=.b-stamp__logo__image}
	at sun.reflect.NativeConstructorAccessorImpl.newInstance0(Native Method)
	at sun.reflect.NativeConstructorAccessorImpl.newInstance(NativeConstructorAccessorImpl.java:62)
	at sun.reflect.DelegatingConstructorAccessorImpl.newInstance(DelegatingConstructorAccessorImpl.java:45)
	at java.lang.reflect.Constructor.newInstance(Constructor.java:422)
	at org.openqa.selenium.remote.ErrorHandler.createThrowable(ErrorHandler.java:206)
	at org.openqa.selenium.remote.ErrorHandler.throwIfResponseFailed(ErrorHandler.java:158)
	at org.openqa.selenium.remote.RemoteWebDriver.execute(RemoteWebDriver.java:678)
	at org.openqa.selenium.remote.RemoteWebDriver.findElement(RemoteWebDriver.java:363)
	at org.openqa.selenium.remote.RemoteWebDriver.findElementByCssSelector(RemoteWebDriver.java:492)
	at org.openqa.selenium.By$ByCssSelector.findElement(By.java:430)
	at org.openqa.selenium.remote.RemoteWebDriver.findElement(RemoteWebDriver.java:355)
	at pages.TutByMainPage.isLogoDisplyed(TutByMainPage.java:31)
	at TutByMailTest.sendLetters(TutByMailTest.java:82)
	at sun.reflect.NativeMethodAccessorImpl.invoke0(Native Method)
	at sun.reflect.NativeMethodAccessorImpl.invoke(NativeMethodAccessorImpl.java:62)
	at sun.reflect.DelegatingMethodAccessorImpl.invoke(DelegatingMethodAccessorImpl.java:43)
	at java.lang.reflect.Method.invoke(Method.java:497)
	at org.testng.internal.MethodInvocationHelper.invokeMethod(MethodInvocationHelper.java:86)
	at org.testng.internal.Invoker.invokeMethod(Invoker.java:643)
	at org.testng.internal.Invoker.invokeTestMethod(Invoker.java:820)
	at org.testng.internal.Invoker.invokeTestMethods(Invoker.java:1128)
	at org.testng.internal.TestMethodWorker.invokeTestMethods(TestMethodWorker.java:129)
	at org.testng.internal.TestMethodWorker.run(TestMethodWorker.java:112)
	at org.testng.TestRunner.privateRun(TestRunner.java:782)
	at org.testng.TestRunner.run(TestRunner.java:632)
	at org.testng.SuiteRunner.runTest(SuiteRunner.java:366)
	at org.testng.SuiteRunner.runSequentially(SuiteRunner.java:361)
	at org.testng.SuiteRunner.privateRun(SuiteRunner.java:319)
	at org.testng.SuiteRunner.run(SuiteRunner.java:268)
	at org.testng.SuiteRunnerWorker.runSuite(SuiteRunnerWorker.java:52)
	at org.testng.SuiteRunnerWorker.run(SuiteRunnerWorker.java:86)
	at org.testng.TestNG.runSuitesSequentially(TestNG.java:1244)
	at org.testng.TestNG.runSuitesLocally(TestNG.java:1169)
	at org.testng.TestNG.run(TestNG.java:1064)
	at org.testng.IDEARemoteTestNG.run(IDEARemoteTestNG.java:74)
	at org.testng.RemoteTestNGStarter.main(RemoteTestNGStarter.java:121)
	at sun.reflect.NativeMethodAccessorImpl.invoke0(Native Method)
	at sun.reflect.NativeMethodAccessorImpl.invoke(NativeMethodAccessorImpl.java:62)
	at sun.reflect.DelegatingMethodAccessorImpl.invoke(DelegatingMethodAccessorImpl.java:43)
	at java.lang.reflect.Method.invoke(Method.java:497)
	at com.intellij.rt.execution.application.AppMain.main(AppMain.java:144)
Caused by: org.openqa.selenium.NoSuchElementException: Unable to locate element: {"method":"css selector","selector":".b-stamp__logo__image"}
For documentation on this error, please visit: http://seleniumhq.org/exceptions/no_such_element.html
Build info: version: '2.53.1', revision: 'a36b8b1cd5757287168e54b817830adce9b0158d', time: '2016-06-30 19:26:09'
System info: host: 'asus', ip: '192.168.0.104', os.name: 'Windows 8.1', os.arch: 'amd64', os.version: '6.3', java.version: '1.8.0_45'
Driver info: driver.version: unknown
	at &lt;anonymous class&gt;.FirefoxDriver.prototype.findElementInternal_(file:///C:/Users/user/AppData/Local/Temp/anonymous2024376659305194641webdriver-profile/extensions/fxdriver@googlecode.com/components/driver-component.js:10770)
	at &lt;anonymous class&gt;.fxdriver.Timer.prototype.setTimeout/&lt;.notify(file:///C:/Users/user/AppData/Local/Temp/anonymous2024376659305194641webdriver-profile/extensions/fxdriver@googlecode.com/components/driver-component.js:625)
</stack-trace>
            </failure>
            <steps/>
            <attachments/>
            <labels>
                <label name="host" value="asus"/>
                <label name="thread" value="19176@asus.main(1)"/>
            </labels>
        </test-case>
        <test-case start="1476169853421" stop="1476169874990" status="broken">
            <name>sendLetters[kirillshishko3@tut.by,qwerty3ASDF,kirillshishko4@tut.by,qwerty4ASDF,cc468896fe97d21287e40e_tueoct11100941msk2016]</name>
            <failure>
                <message>SMTPSendFailedException: 553 5.7.1 Sender address rejected: not owned by auth user.
</message>
                <stack-trace>com.sun.mail.smtp.SMTPSendFailedException: 553 5.7.1 Sender address rejected: not owned by auth user.
;
  nested exception is:
	com.sun.mail.smtp.SMTPSenderFailedException: 553 5.7.1 Sender address rejected: not owned by auth user.

	at com.sun.mail.smtp.SMTPTransport.issueSendCommand(SMTPTransport.java:2267)
	at com.sun.mail.smtp.SMTPTransport.mailFrom(SMTPTransport.java:1758)
	at com.sun.mail.smtp.SMTPTransport.sendMessage(SMTPTransport.java:1257)
	at javax.mail.Transport.send0(Transport.java:255)
	at javax.mail.Transport.send(Transport.java:124)
	at helperClasses.EmailOperations.sendSimpleMessage(EmailOperations.java:56)
	at TutByMailTest.sendLetters(TutByMailTest.java:75)
	at sun.reflect.NativeMethodAccessorImpl.invoke0(Native Method)
	at sun.reflect.NativeMethodAccessorImpl.invoke(NativeMethodAccessorImpl.java:62)
	at sun.reflect.DelegatingMethodAccessorImpl.invoke(DelegatingMethodAccessorImpl.java:43)
	at java.lang.reflect.Method.invoke(Method.java:497)
	at org.testng.internal.MethodInvocationHelper.invokeMethod(MethodInvocationHelper.java:86)
	at org.testng.internal.Invoker.invokeMethod(Invoker.java:643)
	at org.testng.internal.Invoker.invokeTestMethod(Invoker.java:820)
	at org.testng.internal.Invoker.invokeTestMethods(Invoker.java:1128)
	at org.testng.internal.TestMethodWorker.invokeTestMethods(TestMethodWorker.java:129)
	at org.testng.internal.TestMethodWorker.run(TestMethodWorker.java:112)
	at org.testng.TestRunner.privateRun(TestRunner.java:782)
	at org.testng.TestRunner.run(TestRunner.java:632)
	at org.testng.SuiteRunner.runTest(SuiteRunner.java:366)
	at org.testng.SuiteRunner.runSequentially(SuiteRunner.java:361)
	at org.testng.SuiteRunner.privateRun(SuiteRunner.java:319)
	at org.testng.SuiteRunner.run(SuiteRunner.java:268)
	at org.testng.SuiteRunnerWorker.runSuite(SuiteRunnerWorker.java:52)
	at org.testng.SuiteRunnerWorker.run(SuiteRunnerWorker.java:86)
	at org.testng.TestNG.runSuitesSequentially(TestNG.java:1244)
	at org.testng.TestNG.runSuitesLocally(TestNG.java:1169)
	at org.testng.TestNG.run(TestNG.java:1064)
	at org.testng.IDEARemoteTestNG.run(IDEARemoteTestNG.java:74)
	at org.testng.RemoteTestNGStarter.main(RemoteTestNGStarter.java:121)
	at sun.reflect.NativeMethodAccessorImpl.invoke0(Native Method)
	at sun.reflect.NativeMethodAccessorImpl.invoke(NativeMethodAccessorImpl.java:62)
	at sun.reflect.DelegatingMethodAccessorImpl.invoke(DelegatingMethodAccessorImpl.java:43)
	at java.lang.reflect.Method.invoke(Method.java:497)
	at com.intellij.rt.execution.application.AppMain.main(AppMain.java:144)
Caused by: com.sun.mail.smtp.SMTPSenderFailedException: 553 5.7.1 Sender address rejected: not owned by auth user.

	at com.sun.mail.smtp.SMTPTransport.mailFrom(SMTPTransport.java:1767)
	... 33 more
</stack-trace>
            </failure>
            <steps/>
            <attachments/>
            <labels>
                <label name="host" value="asus"/>
                <label name="thread" value="19176@asus.main(1)"/>
            </labels>
        </test-case>
        <test-case start="1476169874991" stop="1476169893102" status="broken">
            <name>sendLetters[kirillshishko5@tut.by,qwerty5ASDF,kirillshishko6@tut.by,qwerty6ASDF,2e4f159d13791e6067199a_tueoct11100941msk2016]</name>
            <failure>
                <message>SMTPSendFailedException: 553 5.7.1 Sender address rejected: not owned by auth user.
</message>
                <stack-trace>com.sun.mail.smtp.SMTPSendFailedException: 553 5.7.1 Sender address rejected: not owned by auth user.
;
  nested exception is:
	com.sun.mail.smtp.SMTPSenderFailedException: 553 5.7.1 Sender address rejected: not owned by auth user.

	at com.sun.mail.smtp.SMTPTransport.issueSendCommand(SMTPTransport.java:2267)
	at com.sun.mail.smtp.SMTPTransport.mailFrom(SMTPTransport.java:1758)
	at com.sun.mail.smtp.SMTPTransport.sendMessage(SMTPTransport.java:1257)
	at javax.mail.Transport.send0(Transport.java:255)
	at javax.mail.Transport.send(Transport.java:124)
	at helperClasses.EmailOperations.sendSimpleMessage(EmailOperations.java:56)
	at TutByMailTest.sendLetters(TutByMailTest.java:75)
	at sun.reflect.NativeMethodAccessorImpl.invoke0(Native Method)
	at sun.reflect.NativeMethodAccessorImpl.invoke(NativeMethodAccessorImpl.java:62)
	at sun.reflect.DelegatingMethodAccessorImpl.invoke(DelegatingMethodAccessorImpl.java:43)
	at java.lang.reflect.Method.invoke(Method.java:497)
	at org.testng.internal.MethodInvocationHelper.invokeMethod(MethodInvocationHelper.java:86)
	at org.testng.internal.Invoker.invokeMethod(Invoker.java:643)
	at org.testng.internal.Invoker.invokeTestMethod(Invoker.java:820)
	at org.testng.internal.Invoker.invokeTestMethods(Invoker.java:1128)
	at org.testng.internal.TestMethodWorker.invokeTestMethods(TestMethodWorker.java:129)
	at org.testng.internal.TestMethodWorker.run(TestMethodWorker.java:112)
	at org.testng.TestRunner.privateRun(TestRunner.java:782)
	at org.testng.TestRunner.run(TestRunner.java:632)
	at org.testng.SuiteRunner.runTest(SuiteRunner.java:366)
	at org.testng.SuiteRunner.runSequentially(SuiteRunner.java:361)
	at org.testng.SuiteRunner.privateRun(SuiteRunner.java:319)
	at org.testng.SuiteRunner.run(SuiteRunner.java:268)
	at org.testng.SuiteRunnerWorker.runSuite(SuiteRunnerWorker.java:52)
	at org.testng.SuiteRunnerWorker.run(SuiteRunnerWorker.java:86)
	at org.testng.TestNG.runSuitesSequentially(TestNG.java:1244)
	at org.testng.TestNG.runSuitesLocally(TestNG.java:1169)
	at org.testng.TestNG.run(TestNG.java:1064)
	at org.testng.IDEARemoteTestNG.run(IDEARemoteTestNG.java:74)
	at org.testng.RemoteTestNGStarter.main(RemoteTestNGStarter.java:121)
	at sun.reflect.NativeMethodAccessorImpl.invoke0(Native Method)
	at sun.reflect.NativeMethodAccessorImpl.invoke(NativeMethodAccessorImpl.java:62)
	at sun.reflect.DelegatingMethodAccessorImpl.invoke(DelegatingMethodAccessorImpl.java:43)
	at java.lang.reflect.Method.invoke(Method.java:497)
	at com.intellij.rt.execution.application.AppMain.main(AppMain.java:144)
Caused by: com.sun.mail.smtp.SMTPSenderFailedException: 553 5.7.1 Sender address rejected: not owned by auth user.

	at com.sun.mail.smtp.SMTPTransport.mailFrom(SMTPTransport.java:1767)
	... 33 more
</stack-trace>
            </failure>
            <steps/>
            <attachments/>
            <labels>
                <label name="host" value="asus"/>
                <label name="thread" value="19176@asus.main(1)"/>
            </labels>
        </test-case>
        <test-case start="1476169893103" stop="1476169910960" status="broken">
            <name>sendLetters[kirillshishko7@tut.by,qwerty7ASDF,kirillshishko8@tut.by,qwerty8ASDF,5d4d8c93e76f0754936f19_tueoct11100941msk2016]</name>
            <failure>
                <message>SMTPSendFailedException: 553 5.7.1 Sender address rejected: not owned by auth user.
</message>
                <stack-trace>com.sun.mail.smtp.SMTPSendFailedException: 553 5.7.1 Sender address rejected: not owned by auth user.
;
  nested exception is:
	com.sun.mail.smtp.SMTPSenderFailedException: 553 5.7.1 Sender address rejected: not owned by auth user.

	at com.sun.mail.smtp.SMTPTransport.issueSendCommand(SMTPTransport.java:2267)
	at com.sun.mail.smtp.SMTPTransport.mailFrom(SMTPTransport.java:1758)
	at com.sun.mail.smtp.SMTPTransport.sendMessage(SMTPTransport.java:1257)
	at javax.mail.Transport.send0(Transport.java:255)
	at javax.mail.Transport.send(Transport.java:124)
	at helperClasses.EmailOperations.sendSimpleMessage(EmailOperations.java:56)
	at TutByMailTest.sendLetters(TutByMailTest.java:75)
	at sun.reflect.NativeMethodAccessorImpl.invoke0(Native Method)
	at sun.reflect.NativeMethodAccessorImpl.invoke(NativeMethodAccessorImpl.java:62)
	at sun.reflect.DelegatingMethodAccessorImpl.invoke(DelegatingMethodAccessorImpl.java:43)
	at java.lang.reflect.Method.invoke(Method.java:497)
	at org.testng.internal.MethodInvocationHelper.invokeMethod(MethodInvocationHelper.java:86)
	at org.testng.internal.Invoker.invokeMethod(Invoker.java:643)
	at org.testng.internal.Invoker.invokeTestMethod(Invoker.java:820)
	at org.testng.internal.Invoker.invokeTestMethods(Invoker.java:1128)
	at org.testng.internal.TestMethodWorker.invokeTestMethods(TestMethodWorker.java:129)
	at org.testng.internal.TestMethodWorker.run(TestMethodWorker.java:112)
	at org.testng.TestRunner.privateRun(TestRunner.java:782)
	at org.testng.TestRunner.run(TestRunner.java:632)
	at org.testng.SuiteRunner.runTest(SuiteRunner.java:366)
	at org.testng.SuiteRunner.runSequentially(SuiteRunner.java:361)
	at org.testng.SuiteRunner.privateRun(SuiteRunner.java:319)
	at org.testng.SuiteRunner.run(SuiteRunner.java:268)
	at org.testng.SuiteRunnerWorker.runSuite(SuiteRunnerWorker.java:52)
	at org.testng.SuiteRunnerWorker.run(SuiteRunnerWorker.java:86)
	at org.testng.TestNG.runSuitesSequentially(TestNG.java:1244)
	at org.testng.TestNG.runSuitesLocally(TestNG.java:1169)
	at org.testng.TestNG.run(TestNG.java:1064)
	at org.testng.IDEARemoteTestNG.run(IDEARemoteTestNG.java:74)
	at org.testng.RemoteTestNGStarter.main(RemoteTestNGStarter.java:121)
	at sun.reflect.NativeMethodAccessorImpl.invoke0(Native Method)
	at sun.reflect.NativeMethodAccessorImpl.invoke(NativeMethodAccessorImpl.java:62)
	at sun.reflect.DelegatingMethodAccessorImpl.invoke(DelegatingMethodAccessorImpl.java:43)
	at java.lang.reflect.Method.invoke(Method.java:497)
	at com.intellij.rt.execution.application.AppMain.main(AppMain.java:144)
Caused by: com.sun.mail.smtp.SMTPSenderFailedException: 553 5.7.1 Sender address rejected: not owned by auth user.

	at com.sun.mail.smtp.SMTPTransport.mailFrom(SMTPTransport.java:1767)
	... 33 more
</stack-trace>
            </failure>
            <steps/>
            <attachments/>
            <labels>
                <label name="host" value="asus"/>
                <label name="thread" value="19176@asus.main(1)"/>
            </labels>
        </test-case>
        <test-case start="1476169910961" stop="1476169928848" status="broken">
            <name>sendLetters[kirillshishko9@tut.by,qwerty9ASDF,kirillshishko10@tut.by,qwerty10ASDF,514b89b78fb12a2b1e996e_tueoct11100941msk2016]</name>
            <failure>
                <message>SMTPSendFailedException: 553 5.7.1 Sender address rejected: not owned by auth user.
</message>
                <stack-trace>com.sun.mail.smtp.SMTPSendFailedException: 553 5.7.1 Sender address rejected: not owned by auth user.
;
  nested exception is:
	com.sun.mail.smtp.SMTPSenderFailedException: 553 5.7.1 Sender address rejected: not owned by auth user.

	at com.sun.mail.smtp.SMTPTransport.issueSendCommand(SMTPTransport.java:2267)
	at com.sun.mail.smtp.SMTPTransport.mailFrom(SMTPTransport.java:1758)
	at com.sun.mail.smtp.SMTPTransport.sendMessage(SMTPTransport.java:1257)
	at javax.mail.Transport.send0(Transport.java:255)
	at javax.mail.Transport.send(Transport.java:124)
	at helperClasses.EmailOperations.sendSimpleMessage(EmailOperations.java:56)
	at TutByMailTest.sendLetters(TutByMailTest.java:75)
	at sun.reflect.NativeMethodAccessorImpl.invoke0(Native Method)
	at sun.reflect.NativeMethodAccessorImpl.invoke(NativeMethodAccessorImpl.java:62)
	at sun.reflect.DelegatingMethodAccessorImpl.invoke(DelegatingMethodAccessorImpl.java:43)
	at java.lang.reflect.Method.invoke(Method.java:497)
	at org.testng.internal.MethodInvocationHelper.invokeMethod(MethodInvocationHelper.java:86)
	at org.testng.internal.Invoker.invokeMethod(Invoker.java:643)
	at org.testng.internal.Invoker.invokeTestMethod(Invoker.java:820)
	at org.testng.internal.Invoker.invokeTestMethods(Invoker.java:1128)
	at org.testng.internal.TestMethodWorker.invokeTestMethods(TestMethodWorker.java:129)
	at org.testng.internal.TestMethodWorker.run(TestMethodWorker.java:112)
	at org.testng.TestRunner.privateRun(TestRunner.java:782)
	at org.testng.TestRunner.run(TestRunner.java:632)
	at org.testng.SuiteRunner.runTest(SuiteRunner.java:366)
	at org.testng.SuiteRunner.runSequentially(SuiteRunner.java:361)
	at org.testng.SuiteRunner.privateRun(SuiteRunner.java:319)
	at org.testng.SuiteRunner.run(SuiteRunner.java:268)
	at org.testng.SuiteRunnerWorker.runSuite(SuiteRunnerWorker.java:52)
	at org.testng.SuiteRunnerWorker.run(SuiteRunnerWorker.java:86)
	at org.testng.TestNG.runSuitesSequentially(TestNG.java:1244)
	at org.testng.TestNG.runSuitesLocally(TestNG.java:1169)
	at org.testng.TestNG.run(TestNG.java:1064)
	at org.testng.IDEARemoteTestNG.run(IDEARemoteTestNG.java:74)
	at org.testng.RemoteTestNGStarter.main(RemoteTestNGStarter.java:121)
	at sun.reflect.NativeMethodAccessorImpl.invoke0(Native Method)
	at sun.reflect.NativeMethodAccessorImpl.invoke(NativeMethodAccessorImpl.java:62)
	at sun.reflect.DelegatingMethodAccessorImpl.invoke(DelegatingMethodAccessorImpl.java:43)
	at java.lang.reflect.Method.invoke(Method.java:497)
	at com.intellij.rt.execution.application.AppMain.main(AppMain.java:144)
Caused by: com.sun.mail.smtp.SMTPSenderFailedException: 553 5.7.1 Sender address rejected: not owned by auth user.

	at com.sun.mail.smtp.SMTPTransport.mailFrom(SMTPTransport.java:1767)
	... 33 more
</stack-trace>
            </failure>
            <steps/>
            <attachments/>
            <labels>
                <label name="host" value="asus"/>
                <label name="thread" value="19176@asus.main(1)"/>
            </labels>
        </test-case>
    </test-cases>
    <labels>
        <label name="framework" value="TestNG"/>
        <label name="language" value="JAVA"/>
    </labels>
</ns2:test-suite>
